<?xml version="1.0" encoding="UTF-8"?>
<testsuite name="AnimalsTest" tests="1" skipped="0" failures="0" errors="0" timestamp="2019-07-01T11:30:14" hostname="lika" time="0.118">
  <properties/>
  <testcase name="getnormalanimals" classname="AnimalsTest" time="0.118"/>
  <system-out><![CDATA[Connected to the PostgreSQL server successfully.
{}
]]></system-out>
  <system-err><![CDATA[]]></system-err>
</testsuite>
